dietHelperCouch/build/outputs/logs/manifest-merger-debug-report.txt
-- Merging decision tree log ---
manifest
ADDED from src\main\AndroidManifest.xml:2:1-264:12
	package
		ADDED from src\main\AndroidManifest.xml:3:5-38
		INJECTED from src\main\AndroidManifest.xml
		INJECTED from src\main\AndroidManifest.xml
	android:versionName
		ADDED from src\main\AndroidManifest.xml:6:5-28
		INJECTED from src\main\AndroidManifest.xml
		INJECTED from src\main\AndroidManifest.xml
	android:versionCode
		ADDED from src\main\AndroidManifest.xml:5:5-28
		INJECTED from src\main\AndroidManifest.xml
		INJECTED from src\main\AndroidManifest.xml
	xmlns:android
		ADDED from src\main\AndroidManifest.xml:2:11-69
	android:installLocation
		ADDED from src\main\AndroidManifest.xml:4:5-43
uses-sdk
ADDED from src\main\AndroidManifest.xml:8:5-44
MERGED from [io.apptik.widget:multislider:1.2] AndroidManifest.xml:7:5-9:41
MERGED from [com.wdullaer:materialdatetimepicker:3.0.0] AndroidManifest.xml:22:5-24:41
MERGED from [com.android.support:support-v13:25.0.1] AndroidManifest.xml:21:5-23:55
MERGED from [com.android.support:design:25.0.1] AndroidManifest.xml:21:5-23:62
MERGED from [com.android.support:recyclerview-v7:25.0.1] AndroidManifest.xml:20:5-43
MERGED from [com.android.support:transition:25.0.1] AndroidManifest.xml:20:5-44
MERGED from [com.google.android.gms:play-services-analytics:9.8.0] AndroidManifest.xml:17:5-42
MERGED from [com.google.android.gms:play-services-analytics-impl:9.8.0] AndroidManifest.xml:17:5-42
MERGED from [com.google.android.gms:play-services-base:9.8.0] AndroidManifest.xml:17:5-42
MERGED from [com.google.android.gms:play-services-tasks:9.8.0] AndroidManifest.xml:3:5-42
MERGED from [com.google.android.gms:play-services-basement:9.8.0] AndroidManifest.xml:17:5-42
MERGED from [com.github.armcha:LuseenBottomNavigation:1.8.2] AndroidManifest.xml:8:5-10:41
MERGED from [com.android.support:appcompat-v7:25.0.1] AndroidManifest.xml:21:5-23:78
MERGED from [com.android.support:support-v4:25.0.1] AndroidManifest.xml:21:5-23:54
MERGED from [com.android.support:support-fragment:25.0.1] AndroidManifest.xml:21:5-23:60
MERGED from [com.android.support:support-media-compat:25.0.1] AndroidManifest.xml:21:5-23:63
MERGED from [com.android.support:support-core-ui:25.0.1] AndroidManifest.xml:21:5-23:58
MERGED from [com.android.support:support-core-utils:25.0.1] AndroidManifest.xml:21:5-23:61
MERGED from [com.android.support:animated-vector-drawable:25.0.1] AndroidManifest.xml:20:5-44
MERGED from [com.android.support:support-vector-drawable:25.0.1] AndroidManifest.xml:21:5-43
MERGED from [com.android.support:support-compat:25.0.1] AndroidManifest.xml:21:5-23:58
	tools:overrideLibrary
		ADDED from [com.android.support:support-v13:25.0.1] AndroidManifest.xml:23:9-52
	android:targetSdkVersion
		INJECTED from src\main\AndroidManifest.xml
		INJECTED from src\main\AndroidManifest.xml
	android:minSdkVersion
		ADDED from src\main\AndroidManifest.xml:8:15-41
		INJECTED from src\main\AndroidManifest.xml
		INJECTED from src\main\AndroidManifest.xml
uses-permission#android.permission.CAMERA
ADDED from src\main\AndroidManifest.xml:10:5-65
	android:name
		ADDED from src\main\AndroidManifest.xml:10:22-62
uses-permission#android.permission.INTERNET
ADDED from src\main\AndroidManifest.xml:11:5-67
MERGED from [com.google.android.gms:play-services-analytics:9.8.0] AndroidManifest.xml:20:5-66
MERGED from [com.google.android.gms:play-services-analytics-impl:9.8.0] AndroidManifest.xml:20:5-66
	android:name
		ADDED from src\main\AndroidManifest.xml:11:22-64
uses-permission#android.permission.ACCESS_NETWORK_STATE
ADDED from src\main\AndroidManifest.xml:12:5-79
MERGED from [com.google.android.gms:play-services-analytics:9.8.0] AndroidManifest.xml:21:5-78
MERGED from [com.google.android.gms:play-services-analytics-impl:9.8.0] AndroidManifest.xml:21:5-78
	android:name
		ADDED from src\main\AndroidManifest.xml:12:22-76
uses-permission#android.permission.WRITE_EXTERNAL_STORAGE
ADDED from src\main\AndroidManifest.xml:13:5-81
	android:name
		ADDED from src\main\AndroidManifest.xml:13:22-78
uses-permission#com.android.vending.BILLING
ADDED from src\main\AndroidManifest.xml:14:5-67
	android:name
		ADDED from src\main\AndroidManifest.xml:14:22-64
uses-permission#android.permission.GET_ACCOUNTS
ADDED from src\main\AndroidManifest.xml:15:5-71
	android:name
		ADDED from src\main\AndroidManifest.xml:15:22-68
application
ADDED from src\main\AndroidManifest.xml:17:5-262:19
MERGED from [io.apptik.widget:multislider:1.2] AndroidManifest.xml:11:5-12:19
MERGED from [com.wdullaer:materialdatetimepicker:3.0.0] AndroidManifest.xml:28:5-20
MERGED from [com.android.support:support-v13:25.0.1] AndroidManifest.xml:25:5-20
MERGED from [com.android.support:design:25.0.1] AndroidManifest.xml:25:5-20
MERGED from [com.android.support:transition:25.0.1] AndroidManifest.xml:22:5-20
MERGED from [com.google.android.gms:play-services-analytics:9.8.0] AndroidManifest.xml:26:5-19
MERGED from [com.google.android.gms:play-services-analytics-impl:9.8.0] AndroidManifest.xml:26:5-19
MERGED from [com.google.android.gms:play-services-base:9.8.0] AndroidManifest.xml:18:5-20:19
MERGED from [com.google.android.gms:play-services-tasks:9.8.0] AndroidManifest.xml:4:5-19
MERGED from [com.google.android.gms:play-services-basement:9.8.0] AndroidManifest.xml:19:5-21:19
MERGED from [com.android.support:appcompat-v7:25.0.1] AndroidManifest.xml:25:5-20
MERGED from [com.android.support:support-v4:25.0.1] AndroidManifest.xml:25:5-20
MERGED from [com.android.support:support-fragment:25.0.1] AndroidManifest.xml:25:5-20
MERGED from [com.android.support:support-media-compat:25.0.1] AndroidManifest.xml:25:5-20
MERGED from [com.android.support:support-core-ui:25.0.1] AndroidManifest.xml:25:5-20
MERGED from [com.android.support:support-core-utils:25.0.1] AndroidManifest.xml:25:5-20
MERGED from [com.android.support:animated-vector-drawable:25.0.1] AndroidManifest.xml:22:5-20
MERGED from [com.android.support:support-vector-drawable:25.0.1] AndroidManifest.xml:23:5-20
MERGED from [com.android.support:support-compat:25.0.1] AndroidManifest.xml:25:5-20
	android:backupAgent
		ADDED from src\main\AndroidManifest.xml:21:9-68
	android:label
		ADDED from src\main\AndroidManifest.xml:23:9-41
	android:allowBackup
		ADDED from src\main\AndroidManifest.xml:19:9-35
	android:icon
		ADDED from src\main\AndroidManifest.xml:22:9-40
	android:theme
		ADDED from src\main\AndroidManifest.xml:20:9-65
	android:name
		ADDED from src\main\AndroidManifest.xml:18:9-68
service#bulat.diet.helper_couch.service.AlarmService
ADDED from src\main\AndroidManifest.xml:26:9-27:19
	android:name
		ADDED from src\main\AndroidManifest.xml:26:18-77
activity#bulat.diet.helper_couch.activity.StartActivity
ADDED from src\main\AndroidManifest.xml:29:9-39:20
	android:label
		ADDED from src\main\AndroidManifest.xml:33:13-45
	android:configChanges
		ADDED from src\main\AndroidManifest.xml:31:13-63
	android:theme
		ADDED from src\main\AndroidManifest.xml:32:13-53
	android:name
		ADDED from src\main\AndroidManifest.xml:30:13-74
intent-filter#android.intent.action.MAIN+android.intent.category.LAUNCHER
ADDED from src\main\AndroidManifest.xml:34:13-38:29
action#android.intent.action.MAIN
ADDED from src\main\AndroidManifest.xml:35:17-69
	android:name
		ADDED from src\main\AndroidManifest.xml:35:25-66
category#android.intent.category.LAUNCHER
ADDED from src\main\AndroidManifest.xml:37:17-77
	android:name
		ADDED from src\main\AndroidManifest.xml:37:27-74
activity#bulat.diet.helper_couch.activity.DietHelperActivity
ADDED from src\main\AndroidManifest.xml:41:9-45:20
	android:label
		ADDED from src\main\AndroidManifest.xml:44:13-29
	android:configChanges
		ADDED from src\main\AndroidManifest.xml:43:13-63
	android:name
		ADDED from src\main\AndroidManifest.xml:42:13-79
activity#bulat.diet.helper_couch.activity.DishActivityGroup
ADDED from src\main\AndroidManifest.xml:46:9-50:20
	android:label
		ADDED from src\main\AndroidManifest.xml:49:13-45
	android:configChanges
		ADDED from src\main\AndroidManifest.xml:48:13-63
	android:name
		ADDED from src\main\AndroidManifest.xml:47:13-78
activity#bulat.diet.helper_couch.activity.Top10
ADDED from src\main\AndroidManifest.xml:51:9-55:20
	android:label
		ADDED from src\main\AndroidManifest.xml:54:13-45
	android:configChanges
		ADDED from src\main\AndroidManifest.xml:53:13-63
	android:name
		ADDED from src\main\AndroidManifest.xml:52:13-66
activity#bulat.diet.helper_couch.activity.DishActivity
ADDED from src\main\AndroidManifest.xml:56:9-61:20
	android:label
		ADDED from src\main\AndroidManifest.xml:60:13-45
	android:configChanges
		ADDED from src\main\AndroidManifest.xml:59:13-63
	android:theme
		ADDED from src\main\AndroidManifest.xml:57:13-69
	android:name
		ADDED from src\main\AndroidManifest.xml:58:13-73
activity#bulat.diet.helper_couch.activity.DishListActivity
ADDED from src\main\AndroidManifest.xml:62:9-67:20
	android:label
		ADDED from src\main\AndroidManifest.xml:66:13-45
	android:configChanges
		ADDED from src\main\AndroidManifest.xml:65:13-63
	android:theme
		ADDED from src\main\AndroidManifest.xml:64:13-69
	android:name
		ADDED from src\main\AndroidManifest.xml:63:13-77
activity#bulat.diet.helper_couch.activity.VolumeInfo
ADDED from src\main\AndroidManifest.xml:68:9-73:20
	android:label
		ADDED from src\main\AndroidManifest.xml:72:13-45
	android:configChanges
		ADDED from src\main\AndroidManifest.xml:71:13-63
	android:theme
		ADDED from src\main\AndroidManifest.xml:70:13-69
	android:name
		ADDED from src\main\AndroidManifest.xml:69:13-71
activity#bulat.diet.helper_couch.activity.AddTodayDishActivity
ADDED from src\main\AndroidManifest.xml:74:9-79:20
	android:label
		ADDED from src\main\AndroidManifest.xml:78:13-45
	android:configChanges
		ADDED from src\main\AndroidManifest.xml:77:13-63
	android:theme
		ADDED from src\main\AndroidManifest.xml:76:13-69
	android:name
		ADDED from src\main\AndroidManifest.xml:75:13-81
activity#bulat.diet.helper_couch.activity.AddTodayFitnesActivity
ADDED from src\main\AndroidManifest.xml:80:9-85:20
	android:label
		ADDED from src\main\AndroidManifest.xml:84:13-45
	android:configChanges
		ADDED from src\main\AndroidManifest.xml:83:13-63
	android:theme
		ADDED from src\main\AndroidManifest.xml:82:13-69
	android:name
		ADDED from src\main\AndroidManifest.xml:81:13-83
activity#bulat.diet.helper_couch.activity.StatisticExportActivity
ADDED from src\main\AndroidManifest.xml:86:9-91:20
	android:label
		ADDED from src\main\AndroidManifest.xml:90:13-45
	android:configChanges
		ADDED from src\main\AndroidManifest.xml:89:13-63
	android:theme
		ADDED from src\main\AndroidManifest.xml:88:13-69
	android:name
		ADDED from src\main\AndroidManifest.xml:87:13-84
activity#bulat.diet.helper_couch.activity.RecepyListActivity
ADDED from src\main\AndroidManifest.xml:92:9-97:20
	android:label
		ADDED from src\main\AndroidManifest.xml:96:13-45
	android:configChanges
		ADDED from src\main\AndroidManifest.xml:95:13-63
	android:theme
		ADDED from src\main\AndroidManifest.xml:94:13-69
	android:name
		ADDED from src\main\AndroidManifest.xml:93:13-79
activity#bulat.diet.helper_couch.activity.NotificationActivity
ADDED from src\main\AndroidManifest.xml:98:9-103:20
	android:label
		ADDED from src\main\AndroidManifest.xml:102:13-45
	android:configChanges
		ADDED from src\main\AndroidManifest.xml:101:13-63
	android:theme
		ADDED from src\main\AndroidManifest.xml:100:13-69
	android:name
		ADDED from src\main\AndroidManifest.xml:99:13-81
activity#bulat.diet.helper_couch.activity.AddRecepyActivity
ADDED from src\main\AndroidManifest.xml:104:9-109:20
	android:label
		ADDED from src\main\AndroidManifest.xml:108:13-45
	android:configChanges
		ADDED from src\main\AndroidManifest.xml:107:13-63
	android:theme
		ADDED from src\main\AndroidManifest.xml:106:13-69
	android:name
		ADDED from src\main\AndroidManifest.xml:105:13-78
activity#bulat.diet.helper_couch.activity.RecepyActivity
ADDED from src\main\AndroidManifest.xml:110:9-115:20
	android:label
		ADDED from src\main\AndroidManifest.xml:114:13-45
	android:configChanges
		ADDED from src\main\AndroidManifest.xml:113:13-63
	android:theme
		ADDED from src\main\AndroidManifest.xml:112:13-69
	android:name
		ADDED from src\main\AndroidManifest.xml:111:13-75
activity#bulat.diet.helper_couch.activity.StatisticImportActivity
ADDED from src\main\AndroidManifest.xml:116:9-121:20
	android:label
		ADDED from src\main\AndroidManifest.xml:120:13-45
	android:configChanges
		ADDED from src\main\AndroidManifest.xml:119:13-63
	android:theme
		ADDED from src\main\AndroidManifest.xml:118:13-69
	android:name
		ADDED from src\main\AndroidManifest.xml:117:13-84
activity#bulat.diet.helper_couch.activity.SocialUserNewsActivity
ADDED from src\main\AndroidManifest.xml:122:9-127:20
	android:label
		ADDED from src\main\AndroidManifest.xml:126:13-45
	android:configChanges
		ADDED from src\main\AndroidManifest.xml:125:13-63
	android:theme
		ADDED from src\main\AndroidManifest.xml:124:13-69
	android:name
		ADDED from src\main\AndroidManifest.xml:123:13-83
activity#bulat.diet.helper_couch.activity.CalendarActivityGroup
ADDED from src\main\AndroidManifest.xml:128:9-132:20
	android:label
		ADDED from src\main\AndroidManifest.xml:131:13-45
	android:configChanges
		ADDED from src\main\AndroidManifest.xml:130:13-63
	android:name
		ADDED from src\main\AndroidManifest.xml:129:13-82
activity#bulat.diet.helper_couch.activity.CalendarActivity
ADDED from src\main\AndroidManifest.xml:133:9-138:20
	android:label
		ADDED from src\main\AndroidManifest.xml:137:13-45
	android:configChanges
		ADDED from src\main\AndroidManifest.xml:136:13-63
	android:theme
		ADDED from src\main\AndroidManifest.xml:135:13-69
	android:name
		ADDED from src\main\AndroidManifest.xml:134:13-77
activity#bulat.diet.helper_couch.activity.TemplateDayActivity
ADDED from src\main\AndroidManifest.xml:139:9-144:20
	android:label
		ADDED from src\main\AndroidManifest.xml:143:13-45
	android:configChanges
		ADDED from src\main\AndroidManifest.xml:142:13-63
	android:theme
		ADDED from src\main\AndroidManifest.xml:141:13-69
	android:name
		ADDED from src\main\AndroidManifest.xml:140:13-80
activity#bulat.diet.helper_couch.activity.TemplateActivity
ADDED from src\main\AndroidManifest.xml:145:9-150:20
	android:label
		ADDED from src\main\AndroidManifest.xml:149:13-45
	android:configChanges
		ADDED from src\main\AndroidManifest.xml:148:13-63
	android:theme
		ADDED from src\main\AndroidManifest.xml:147:13-69
	android:name
		ADDED from src\main\AndroidManifest.xml:146:13-77
activity#bulat.diet.helper_couch.activity.NewTemplateActivity
ADDED from src\main\AndroidManifest.xml:151:9-156:20
	android:label
		ADDED from src\main\AndroidManifest.xml:155:13-45
	android:configChanges
		ADDED from src\main\AndroidManifest.xml:154:13-63
	android:theme
		ADDED from src\main\AndroidManifest.xml:153:13-69
	android:name
		ADDED from src\main\AndroidManifest.xml:152:13-80
activity#bulat.diet.helper_couch.activity.DishListActivityGroup
ADDED from src\main\AndroidManifest.xml:157:9-161:20
	android:label
		ADDED from src\main\AndroidManifest.xml:160:13-45
	android:configChanges
		ADDED from src\main\AndroidManifest.xml:159:13-63
	android:name
		ADDED from src\main\AndroidManifest.xml:158:13-82
activity#bulat.diet.helper_couch.activity.AddDishActivity
ADDED from src\main\AndroidManifest.xml:162:9-167:20
	android:label
		ADDED from src\main\AndroidManifest.xml:166:13-45
	android:configChanges
		ADDED from src\main\AndroidManifest.xml:165:13-63
	android:theme
		ADDED from src\main\AndroidManifest.xml:164:13-69
	android:name
		ADDED from src\main\AndroidManifest.xml:163:13-76
activity#bulat.diet.helper_couch.activity.AddFitnesActivity
ADDED from src\main\AndroidManifest.xml:168:9-173:20
	android:label
		ADDED from src\main\AndroidManifest.xml:172:13-45
	android:configChanges
		ADDED from src\main\AndroidManifest.xml:171:13-63
	android:theme
		ADDED from src\main\AndroidManifest.xml:170:13-69
	android:name
		ADDED from src\main\AndroidManifest.xml:169:13-78
activity#bulat.diet.helper_couch.activity.SettingsActivity
ADDED from src\main\AndroidManifest.xml:174:9-179:20
	android:label
		ADDED from src\main\AndroidManifest.xml:178:13-45
	android:configChanges
		ADDED from src\main\AndroidManifest.xml:177:13-63
	android:theme
		ADDED from src\main\AndroidManifest.xml:176:13-69
	android:name
		ADDED from src\main\AndroidManifest.xml:175:13-77
activity#bulat.diet.helper_couch.activity.Info
ADDED from src\main\AndroidManifest.xml:180:9-185:20
	android:label
		ADDED from src\main\AndroidManifest.xml:184:13-45
	android:configChanges
		ADDED from src\main\AndroidManifest.xml:183:13-63
	android:theme
		ADDED from src\main\AndroidManifest.xml:182:13-69
	android:name
		ADDED from src\main\AndroidManifest.xml:181:13-65
activity#bulat.diet.helper_couch.activity.SelectStatisticsActivity
ADDED from src\main\AndroidManifest.xml:186:9-191:20
	android:label
		ADDED from src\main\AndroidManifest.xml:190:13-45
	android:configChanges
		ADDED from src\main\AndroidManifest.xml:189:13-63
	android:theme
		ADDED from src\main\AndroidManifest.xml:188:13-69
	android:name
		ADDED from src\main\AndroidManifest.xml:187:13-85
activity#bulat.diet.helper_couch.activity.Statistics
ADDED from src\main\AndroidManifest.xml:192:9-197:20
	android:label
		ADDED from src\main\AndroidManifest.xml:196:13-45
	android:configChanges
		ADDED from src\main\AndroidManifest.xml:195:13-63
	android:theme
		ADDED from src\main\AndroidManifest.xml:194:13-69
	android:name
		ADDED from src\main\AndroidManifest.xml:193:13-71
activity#bulat.diet.helper_couch.activity.StatisticFCPActivity
ADDED from src\main\AndroidManifest.xml:198:9-203:20
	android:label
		ADDED from src\main\AndroidManifest.xml:202:13-45
	android:configChanges
		ADDED from src\main\AndroidManifest.xml:201:13-63
	android:theme
		ADDED from src\main\AndroidManifest.xml:200:13-69
	android:name
		ADDED from src\main\AndroidManifest.xml:199:13-81
activity#bulat.diet.helper_couch.activity.About
ADDED from src\main\AndroidManifest.xml:204:9-209:20
	android:label
		ADDED from src\main\AndroidManifest.xml:208:13-45
	android:configChanges
		ADDED from src\main\AndroidManifest.xml:207:13-63
	android:theme
		ADDED from src\main\AndroidManifest.xml:206:13-69
	android:name
		ADDED from src\main\AndroidManifest.xml:205:13-66
activity#bulat.diet.helper_couch.activity.WeightChartActivity
ADDED from src\main\AndroidManifest.xml:210:9-215:20
	android:label
		ADDED from src\main\AndroidManifest.xml:214:13-45
	android:configChanges
		ADDED from src\main\AndroidManifest.xml:213:13-63
	android:theme
		ADDED from src\main\AndroidManifest.xml:212:13-69
	android:name
		ADDED from src\main\AndroidManifest.xml:211:13-80
activity#bulat.diet.helper_couch.activity.StatisticActivityGroup
ADDED from src\main\AndroidManifest.xml:216:9-220:20
	android:label
		ADDED from src\main\AndroidManifest.xml:219:13-45
	android:configChanges
		ADDED from src\main\AndroidManifest.xml:218:13-63
	android:name
		ADDED from src\main\AndroidManifest.xml:217:13-83
activity#bulat.diet.helper_couch.activity.SportListActivity
ADDED from src\main\AndroidManifest.xml:221:9-226:20
	android:label
		ADDED from src\main\AndroidManifest.xml:225:13-45
	android:configChanges
		ADDED from src\main\AndroidManifest.xml:224:13-63
	android:theme
		ADDED from src\main\AndroidManifest.xml:223:13-69
	android:name
		ADDED from src\main\AndroidManifest.xml:222:13-78
activity#bulat.diet.helper_couch.activity.VkActivity
ADDED from src\main\AndroidManifest.xml:227:9-232:20
	android:label
		ADDED from src\main\AndroidManifest.xml:231:13-45
	android:configChanges
		ADDED from src\main\AndroidManifest.xml:230:13-63
	android:theme
		ADDED from src\main\AndroidManifest.xml:229:13-69
	android:name
		ADDED from src\main\AndroidManifest.xml:228:13-71
activity#bulat.diet.helper_couch.activity.LoginActivity
ADDED from src\main\AndroidManifest.xml:233:9-238:20
	android:label
		ADDED from src\main\AndroidManifest.xml:237:13-45
	android:configChanges
		ADDED from src\main\AndroidManifest.xml:236:13-63
	android:theme
		ADDED from src\main\AndroidManifest.xml:235:13-69
	android:name
		ADDED from src\main\AndroidManifest.xml:234:13-74
activity#bulat.diet.helper_couch.activity.FreeAbonementActivity
ADDED from src\main\AndroidManifest.xml:239:9-244:20
	android:label
		ADDED from src\main\AndroidManifest.xml:243:13-45
	android:configChanges
		ADDED from src\main\AndroidManifest.xml:242:13-63
	android:theme
		ADDED from src\main\AndroidManifest.xml:241:13-69
	android:name
		ADDED from src\main\AndroidManifest.xml:240:13-82
provider#bulat.diet.helper_couch.db.DishProvider
ADDED from src\main\AndroidManifest.xml:246:9-248:77
	android:authorities
		ADDED from src\main\AndroidManifest.xml:248:13-74
	android:name
		ADDED from src\main\AndroidManifest.xml:247:13-67
provider#bulat.diet.helper_couch.db.SinchProvider
ADDED from src\main\AndroidManifest.xml:249:9-251:78
	android:authorities
		ADDED from src\main\AndroidManifest.xml:251:13-75
	android:name
		ADDED from src\main\AndroidManifest.xml:250:13-68
receiver#com.google.android.gms.analytics.AnalyticsReceiver
ADDED from src\main\AndroidManifest.xml:253:9-258:20
	android:enabled
		ADDED from src\main\AndroidManifest.xml:254:13-35
	android:name
		ADDED from src\main\AndroidManifest.xml:253:19-84
intent-filter#com.google.android.gms.analytics.ANALYTICS_DISPATCH
ADDED from src\main\AndroidManifest.xml:255:13-257:29
action#com.google.android.gms.analytics.ANALYTICS_DISPATCH
ADDED from src\main\AndroidManifest.xml:256:17-94
	android:name
		ADDED from src\main\AndroidManifest.xml:256:25-91
service#com.google.android.gms.analytics.AnalyticsService
ADDED from src\main\AndroidManifest.xml:259:9-261:39
	android:enabled
		ADDED from src\main\AndroidManifest.xml:260:13-35
	android:exported
		ADDED from src\main\AndroidManifest.xml:261:13-37
	android:name
		ADDED from src\main\AndroidManifest.xml:259:18-82
uses-permission#android.permission.VIBRATE
ADDED from [com.wdullaer:materialdatetimepicker:3.0.0] AndroidManifest.xml:26:5-66
	android:name
		ADDED from [com.wdullaer:materialdatetimepicker:3.0.0] AndroidManifest.xml:26:22-63
uses-permission#android.permission.WAKE_LOCK
ADDED from [com.google.android.gms:play-services-analytics:9.8.0] AndroidManifest.xml:24:5-67
MERGED from [com.google.android.gms:play-services-analytics-impl:9.8.0] AndroidManifest.xml:24:5-67
	android:name
		ADDED from [com.google.android.gms:play-services-analytics:9.8.0] AndroidManifest.xml:24:22-65
activity#com.google.android.gms.common.api.GoogleApiActivity
ADDED from [com.google.android.gms:play-services-base:9.8.0] AndroidManifest.xml:19:9-172
	android:exported
		ADDED from [com.google.android.gms:play-services-base:9.8.0] AndroidManifest.xml:19:146-170
	android:theme
		ADDED from [com.google.android.gms:play-services-base:9.8.0] AndroidManifest.xml:19:86-145
	android:name
		ADDED from [com.google.android.gms:play-services-base:9.8.0] AndroidManifest.xml:19:19-85
meta-data#com.google.android.gms.version
ADDED from [com.google.android.gms:play-services-basement:9.8.0] AndroidManifest.xml:20:9-121
	android:value
		ADDED from [com.google.android.gms:play-services-basement:9.8.0] AndroidManifest.xml:20:66-119
	android:name
		ADDED from [com.google.android.gms:play-services-basement:9.8.0] AndroidManifest.xml:20:20-65